<?xml version="1.0" encoding="UTF-8"?>
<!-- Generated by org.testng.reporters.JUnitReportReporter -->
<testsuite hostname="Bikashs-MacBook-Pro.local" failures="0" tests="2" name="TestNgdelete.Dataproviderdelete" time="55.861" errors="0" timestamp="2025-01-12T14:20:09 PST" skipped="0">
  <testcase classname="TestNgdelete.Dataproviderdelete" name="testcase1" time="28.703"/>
  <testcase classname="TestNgdelete.Dataproviderdelete" name="testcase1" time="27.158"/>
</testsuite> <!-- TestNgdelete.Dataproviderdelete -->
