<?xml version="1.0" encoding="UTF-8"?>
<!-- Generated by org.testng.reporters.JUnitReportReporter -->
<testsuite hostname="MacBookPro" failures="0" tests="2" name="excellsheet.excellchatgpt" time="0.013" errors="0" timestamp="2024-12-16T08:52:34 PST" skipped="0">
  <testcase classname="excellsheet.excellchatgpt" name="ddt_login" time="0.009"/>
  <testcase classname="excellsheet.excellchatgpt" name="ddt_signup" time="0.004"/>
</testsuite> <!-- excellsheet.excellchatgpt -->
