<?xml version="1.0" encoding="UTF-8"?>
<!-- Generated by org.testng.reporters.JUnitReportReporter -->
<testsuite hostname="MacBookPro" failures="0" tests="1" name="TestNg.Assignment45_Annotations_Class_Method" time="0.021" errors="0" timestamp="2024-11-06T08:31:15 PST" skipped="0">
  <testcase classname="TestNg.Assignment45_Annotations_Class_Method" name="testCase1" time="0.021"/>
</testsuite> <!-- TestNg.Assignment45_Annotations_Class_Method -->
