<?xml version="1.0" encoding="UTF-8"?>
<!-- Generated by org.testng.reporters.JUnitReportReporter -->
<testsuite hostname="MacBookPro" failures="0" tests="1" name="annotations.priorityagain2" time="0.009" errors="0" timestamp="2024-11-10T08:15:36 PST" skipped="0">
  <testcase classname="annotations.priorityagain2" name="testcase1" time="0.009"/>
</testsuite> <!-- annotations.priorityagain2 -->
