<?xml version="1.0" encoding="UTF-8"?>
<!-- Generated by org.testng.reporters.JUnitReportReporter -->
<testsuite hostname="MacBookPro" failures="0" tests="1" name="TestNg.Annotations" time="0.006" errors="0" timestamp="2024-11-21T10:16:09 PST" skipped="0">
  <testcase classname="TestNg.Annotations" name="testCase1" time="0.006"/>
</testsuite> <!-- TestNg.Annotations -->
