<?xml version="1.0" encoding="UTF-8"?>
<!-- Generated by org.testng.reporters.JUnitReportReporter -->
<testsuite hostname="Bikashs-MacBook-Pro.local" failures="0" tests="1" name="ecommerce1.Testcase3" time="9.898" errors="0" timestamp="2024-11-24T16:30:12 PST" skipped="0">
  <testcase classname="ecommerce1.Testcase3" name="quit" time="9.898"/>
</testsuite> <!-- ecommerce1.Testcase3 -->
