<?xml version="1.0" encoding="UTF-8"?>
<!-- Generated by org.testng.reporters.JUnitReportReporter -->
<testsuite hostname="MacBookPro" failures="0" tests="1" name="fb_test.TestCase1" time="17.859" errors="0" timestamp="2025-02-22T08:31:25 PST" skipped="0">
  <testcase classname="fb_test.TestCase1" name="login_to_facebook_with_valid_data" time="17.859"/>
</testsuite> <!-- fb_test.TestCase1 -->
