<?xml version="1.0" encoding="UTF-8"?>
<!-- Generated by org.testng.reporters.JUnitReportReporter -->
<testsuite hostname="MacBookPro" failures="0" tests="1" name="TestNgdelete.TestCase2$TestCase3" time="0.002" errors="0" timestamp="2024-11-21T10:17:37 PST" skipped="0">
  <testcase classname="TestNgdelete.TestCase2$TestCase3" name="verifyThirdTest" time="0.002"/>
</testsuite> <!-- TestNgdelete.TestCase2$TestCase3 -->
