<?xml version="1.0" encoding="UTF-8"?>
<!-- Generated by org.testng.reporters.JUnitReportReporter -->
<testsuite hostname="Bikashs-MacBook-Pro.local" failures="0" tests="1" name="newprojectamazon.testcase1" time="31.807" errors="0" timestamp="2024-11-23T19:36:17 PST" skipped="0">
  <testcase classname="newprojectamazon.testcase1" name="verify" time="31.807"/>
</testsuite> <!-- newprojectamazon.testcase1 -->
