<?xml version="1.0" encoding="UTF-8"?>
<!-- Generated by org.testng.reporters.JUnitReportReporter -->
<testsuite hostname="Bikashs-MacBook-Pro.local" failures="0" tests="1" name="package1.project1.Launch" time="24.308" errors="0" timestamp="2024-11-09T20:01:24 PST" skipped="0">
  <testcase classname="package1.project1.Launch" name="testcase" time="24.308"/>
</testsuite> <!-- package1.project1.Launch -->
