<?xml version="1.0" encoding="UTF-8"?>
<!-- Generated by org.testng.reporters.JUnitReportReporter -->
<testsuite hostname="MacBookPro" failures="0" tests="1" name="ecommerce1.LaunchQuit" time="57.355" errors="0" timestamp="2025-02-22T08:29:42 PST" skipped="0">
  <testcase classname="ecommerce1.LaunchQuit" name="quit" time="57.355"/>
</testsuite> <!-- ecommerce1.LaunchQuit -->
