<?xml version="1.0" encoding="UTF-8"?>
<!-- Generated by org.testng.reporters.JUnitReportReporter -->
<testsuite hostname="Bikashs-MBP" failures="0" tests="2" name="TestNg.Assignment51_Annotations_Method_Two_Test" time="0.019" errors="0" timestamp="2024-10-17T11:14:05 PDT" skipped="0">
  <testcase classname="TestNg.Assignment51_Annotations_Method_Two_Test" name="test1" time="0.004"/>
  <testcase classname="TestNg.Assignment51_Annotations_Method_Two_Test" name="test" time="0.015"/>
</testsuite> <!-- TestNg.Assignment51_Annotations_Method_Two_Test -->
