<?xml version="1.0" encoding="UTF-8"?>
<!-- Generated by org.testng.reporters.JUnitReportReporter -->
<testsuite hostname="MacBookPro" failures="0" tests="1" name="TestNg.TestCase2$TestCase3$TestCase4" time="0.002" errors="0" timestamp="2024-11-10T07:39:04 PST" skipped="0">
  <testcase classname="TestNg.TestCase2$TestCase3$TestCase4" name="verifySecondTest" time="0.002"/>
</testsuite> <!-- TestNg.TestCase2$TestCase3$TestCase4 -->
