<?xml version="1.0" encoding="UTF-8"?>
<!-- Generated by org.testng.reporters.JUnitReportReporter -->
<testsuite hostname="MacBookPro" failures="0" tests="2" name="TestNg.Assignment51_Annotations_Method_Two_Test" time="0.027" errors="0" timestamp="2024-11-02T10:59:27 PDT" skipped="0">
  <testcase classname="TestNg.Assignment51_Annotations_Method_Two_Test" name="test" time="0.024"/>
  <testcase classname="TestNg.Assignment51_Annotations_Method_Two_Test" name="test1" time="0.003"/>
</testsuite> <!-- TestNg.Assignment51_Annotations_Method_Two_Test -->
