<?xml version="1.0" encoding="UTF-8"?>
<!-- Generated by org.testng.reporters.JUnitReportReporter -->
<testsuite hostname="Bikashs-MBP" failures="0" tests="1" name="TestNg.Assignment48_Annotations_Method_Test" time="0.018" errors="0" timestamp="2024-10-17T11:00:58 PDT" skipped="0">
  <testcase classname="TestNg.Assignment48_Annotations_Method_Test" name="test" time="0.018"/>
</testsuite> <!-- TestNg.Assignment48_Annotations_Method_Test -->
