<?xml version="1.0" encoding="UTF-8"?>
<!-- Generated by org.testng.reporters.JUnitReportReporter -->
<testsuite hostname="MacBookPro" failures="0" tests="1" name="TestNg.TestNg" time="0.007" errors="0" timestamp="2024-11-10T07:40:47 PST" skipped="0">
  <testcase classname="TestNg.TestNg" name="Testcase1" time="0.007"/>
</testsuite> <!-- TestNg.TestNg -->
