<?xml version="1.0" encoding="UTF-8"?>
<!-- Generated by org.testng.reporters.JUnitReportReporter -->
<testsuite hostname="Bikashs-MBP" failures="0" tests="1" name="TestNg.Assignment47_Annotations_Class_Method_Test_Suite" time="0.008" errors="0" timestamp="2024-10-17T10:54:21 PDT" skipped="0">
  <testcase classname="TestNg.Assignment47_Annotations_Class_Method_Test_Suite" name="test" time="0.008"/>
</testsuite> <!-- TestNg.Assignment47_Annotations_Class_Method_Test_Suite -->
