<?xml version="1.0" encoding="UTF-8"?>
<!-- Generated by org.testng.reporters.JUnitReportReporter -->
<testsuite hostname="MacBookPro" failures="0" tests="1" name="TestNg.priorityagain2" time="0.008" errors="0" timestamp="2025-01-10T10:27:57 PST" skipped="0">
  <testcase classname="TestNg.priorityagain2" name="testcase1" time="0.008"/>
</testsuite> <!-- TestNg.priorityagain2 -->
