<?xml version="1.0" encoding="UTF-8"?>
<!-- Generated by org.testng.reporters.JUnitReportReporter -->
<testsuite hostname="Bikashs-MacBook-Pro.local" failures="0" tests="2" name="TestNgdelete.groupingyoutube" time="0.015" errors="0" timestamp="2024-12-07T18:44:39 PST" skipped="0">
  <testcase classname="TestNgdelete.groupingyoutube" name="grouping_01" time="0.013"/>
  <testcase classname="TestNgdelete.groupingyoutube" name="grouping_02" time="0.002"/>
</testsuite> <!-- TestNgdelete.groupingyoutube -->
