<?xml version="1.0" encoding="UTF-8"?>
<!-- Generated by org.testng.reporters.JUnitReportReporter -->
<testsuite hostname="Bikashs-MacBook-Pro.local" failures="0" tests="1" name="TestNg.assignment71_Retring_Failed_TestCases" time="23.566" errors="0" timestamp="2025-01-11T15:12:42 PST" skipped="0">
  <testcase classname="TestNg.assignment71_Retring_Failed_TestCases" name="test" time="23.566"/>
</testsuite> <!-- TestNg.assignment71_Retring_Failed_TestCases -->
