<?xml version="1.0" encoding="UTF-8"?>
<!-- Generated by org.testng.reporters.JUnitReportReporter -->
<testsuite hostname="Bikashs-MacBook-Pro.local" failures="0" tests="2" name="TestNg.delete" time="63.167" errors="0" timestamp="2024-10-26T15:38:21 PDT" skipped="0">
  <testcase classname="TestNg.delete" name="search" time="37.137"/>
  <testcase classname="TestNg.delete" name="search" time="26.030"/>
</testsuite> <!-- TestNg.delete -->
