<?xml version="1.0" encoding="UTF-8"?>
<!-- Generated by org.testng.reporters.JUnitReportReporter -->
<testsuite hostname="MacBookPro" failures="0" tests="3" name="TestNg.Assignment50_Annotations_Method_Three_Test" time="0.026" errors="0" timestamp="2024-11-21T10:16:18 PST" skipped="0">
  <testcase classname="TestNg.Assignment50_Annotations_Method_Three_Test" name="test2" time="0.003"/>
  <testcase classname="TestNg.Assignment50_Annotations_Method_Three_Test" name="test" time="0.012"/>
  <testcase classname="TestNg.Assignment50_Annotations_Method_Three_Test" name="test3" time="0.011"/>
</testsuite> <!-- TestNg.Assignment50_Annotations_Method_Three_Test -->
