<?xml version="1.0" encoding="UTF-8"?>
<!-- Generated by org.testng.reporters.JUnitReportReporter -->
<testsuite hostname="MacBookPro" failures="0" tests="3" name="TestNgdelete.Reporter_log" time="0.020" errors="0" timestamp="2024-11-21T10:17:13 PST" skipped="0">
  <testcase classname="TestNgdelete.Reporter_log" name="registration" time="0.012">
    <system-out>
      <![CDATA[Bikashdhungana]]>
    </system-out>
  </testcase> <!-- registration -->
  <testcase classname="TestNgdelete.Reporter_log" name="login" time="0.002"/>
  <testcase classname="TestNgdelete.Reporter_log" name="logout" time="0.006"/>
  <system-out>
    <![CDATA[Bikashdhungana]]>
  </system-out>
</testsuite> <!-- TestNgdelete.Reporter_log -->
