<?xml version="1.0" encoding="UTF-8"?>
<!-- Generated by org.testng.reporters.JUnitReportReporter -->
<testsuite hostname="Bikashs-MacBook-Pro.local" failures="0" tests="3" name="source.priority" time="0.012" errors="0" timestamp="2024-11-09T17:27:35 PST" skipped="0">
  <testcase classname="source.priority" name="registration" time="0.010"/>
  <testcase classname="source.priority" name="login" time="0.001"/>
  <testcase classname="source.priority" name="logout" time="0.001"/>
</testsuite> <!-- source.priority -->
