<?xml version="1.0" encoding="UTF-8"?>
<!-- Generated by org.testng.reporters.JUnitReportReporter -->
<testsuite hostname="Bikashs-MacBook-Pro.local" failures="0" tests="3" name="TestNg.Assignment48_Annotations_Method_Test" time="0.017" errors="0" timestamp="2025-02-08T16:20:40 PST" skipped="0">
  <testcase classname="TestNg.Assignment48_Annotations_Method_Test" name="m1" time="0.013">
    <system-out>
      <![CDATA[Bikashdhungana]]>
    </system-out>
  </testcase> <!-- m1 -->
  <testcase classname="TestNg.Assignment48_Annotations_Method_Test" name="m2" time="0.002"/>
  <testcase classname="TestNg.Assignment48_Annotations_Method_Test" name="m3" time="0.002"/>
  <system-out>
    <![CDATA[Bikashdhungana]]>
  </system-out>
</testsuite> <!-- TestNg.Assignment48_Annotations_Method_Test -->
