<?xml version="1.0" encoding="UTF-8"?>
<!-- Generated by org.testng.reporters.JUnitReportReporter -->
<testsuite hostname="MacBookPro" failures="0" tests="1" name="assignment71_Retring_Failed_TestCases.iretrylogicgoogle" time="31.695" errors="0" timestamp="2024-11-19T08:46:22 PST" skipped="0">
  <testcase classname="assignment71_Retring_Failed_TestCases.iretrylogicgoogle" name="test" time="31.695"/>
</testsuite> <!-- assignment71_Retring_Failed_TestCases.iretrylogicgoogle -->
