<?xml version="1.0" encoding="UTF-8"?>
<!-- Generated by org.testng.reporters.JUnitReportReporter -->
<testsuite hostname="MacBookPro" failures="0" tests="10" name="TestNg.Assignment55_InvocationCounter" time="0.042" errors="0" timestamp="2024-12-13T09:37:50 PST" skipped="0">
  <testcase classname="TestNg.Assignment55_InvocationCounter" name="testcaseM" time="0.002"/>
  <testcase classname="TestNg.Assignment55_InvocationCounter" name="testcaseM" time="0.000"/>
  <testcase classname="TestNg.Assignment55_InvocationCounter" name="testcaseM" time="0.001"/>
  <testcase classname="TestNg.Assignment55_InvocationCounter" name="testcaseM" time="0.003"/>
  <testcase classname="TestNg.Assignment55_InvocationCounter" name="testcaseM" time="0.012"/>
  <testcase classname="TestNg.Assignment55_InvocationCounter" name="testcaseM" time="0.002"/>
  <testcase classname="TestNg.Assignment55_InvocationCounter" name="testcaseM" time="0.007"/>
  <testcase classname="TestNg.Assignment55_InvocationCounter" name="testcaseM" time="0.007"/>
  <testcase classname="TestNg.Assignment55_InvocationCounter" name="testcaseM" time="0.005"/>
  <testcase classname="TestNg.Assignment55_InvocationCounter" name="testcaseM" time="0.003"/>
</testsuite> <!-- TestNg.Assignment55_InvocationCounter -->
