<?xml version="1.0" encoding="UTF-8"?>
<!-- Generated by org.testng.reporters.JUnitReportReporter -->
<testsuite hostname="MacBookPro" failures="0" tests="3" name="TestNg.Assignment56_AmezonSearch_DataProvider" time="93.372" errors="0" timestamp="2024-12-19T23:17:13 PST" skipped="0">
  <testcase classname="TestNg.Assignment56_AmezonSearch_DataProvider" name="search" time="41.392"/>
  <testcase classname="TestNg.Assignment56_AmezonSearch_DataProvider" name="search" time="19.497"/>
  <testcase classname="TestNg.Assignment56_AmezonSearch_DataProvider" name="search" time="32.483"/>
</testsuite> <!-- TestNg.Assignment56_AmezonSearch_DataProvider -->
