<?xml version="1.0" encoding="UTF-8"?>
<!-- Generated by org.testng.reporters.JUnitReportReporter -->
<testsuite hostname="MacBookPro" failures="0" tests="10" name="annotations.priority_invocationcount" time="0.038" errors="0" timestamp="2024-11-10T07:46:10 PST" skipped="0">
  <testcase classname="annotations.priority_invocationcount" name="Testcase1" time="0.010"/>
  <testcase classname="annotations.priority_invocationcount" name="Testcase1" time="0.003"/>
  <testcase classname="annotations.priority_invocationcount" name="Testcase1" time="0.001"/>
  <testcase classname="annotations.priority_invocationcount" name="Testcase1" time="0.010"/>
  <testcase classname="annotations.priority_invocationcount" name="Testcase1" time="0.001"/>
  <testcase classname="annotations.priority_invocationcount" name="Testcase1" time="0.004"/>
  <testcase classname="annotations.priority_invocationcount" name="Testcase1" time="0.003"/>
  <testcase classname="annotations.priority_invocationcount" name="Testcase2" time="0.003"/>
  <testcase classname="annotations.priority_invocationcount" name="Testcase3" time="0.001"/>
  <testcase classname="annotations.priority_invocationcount" name="Testcase1" time="0.002"/>
</testsuite> <!-- annotations.priority_invocationcount -->
