<?xml version="1.0" encoding="UTF-8"?>
<!-- Generated by org.testng.reporters.JUnitReportReporter -->
<testsuite hostname="Bikashs-MacBook-Pro.local" failures="0" tests="1" name="TestNg.Assignment46_Annotations_Class_Method_Test" time="0.007" errors="0" timestamp="2024-11-09T17:44:06 PST" skipped="0">
  <testcase classname="TestNg.Assignment46_Annotations_Class_Method_Test" name="test" time="0.007"/>
</testsuite> <!-- TestNg.Assignment46_Annotations_Class_Method_Test -->
