<?xml version="1.0" encoding="UTF-8"?>
<!-- Generated by org.testng.reporters.JUnitReportReporter -->
<testsuite hostname="MacBookPro" failures="0" tests="1" name="annotations.priority2" time="0.011" errors="0" timestamp="2024-11-10T08:18:26 PST" skipped="0">
  <testcase classname="annotations.priority2" name="Testcase1" time="0.011"/>
</testsuite> <!-- annotations.priority2 -->
