<?xml version="1.0" encoding="UTF-8"?>
<!-- Generated by org.testng.reporters.JUnitReportReporter -->
<testsuite hostname="MacBookPro" failures="0" tests="1" name="TestNg.Retryanalyzergooglesearch" time="28.428" errors="0" timestamp="2024-11-04T10:53:26 PST" skipped="0">
  <testcase classname="TestNg.Retryanalyzergooglesearch" name="test" time="28.428"/>
</testsuite> <!-- TestNg.Retryanalyzergooglesearch -->
