<?xml version="1.0" encoding="UTF-8"?>
<!-- Generated by org.testng.reporters.JUnitReportReporter -->
<testsuite hostname="Bikashs-MacBook-Pro.local" failures="0" tests="1" name="iretrylogic.iretrylogicgoogle" time="25.549" errors="0" timestamp="2024-11-09T20:17:28 PST" skipped="0">
  <testcase classname="iretrylogic.iretrylogicgoogle" name="test" time="25.549"/>
</testsuite> <!-- iretrylogic.iretrylogicgoogle -->
