<?xml version="1.0" encoding="UTF-8"?>
<!-- Generated by org.testng.reporters.JUnitReportReporter -->
<testsuite hostname="Bikashs-MacBook-Pro.local" failures="0" tests="12" name="TestNg.Assignment61_TestAnnotation_2Params" time="0.039" errors="0" timestamp="2025-01-11T15:14:14 PST" skipped="0">
  <testcase classname="TestNg.Assignment61_TestAnnotation_2Params" name="testcaseA" time="0.009"/>
  <testcase classname="TestNg.Assignment61_TestAnnotation_2Params" name="testcaseC" time="0.003"/>
  <testcase classname="TestNg.Assignment61_TestAnnotation_2Params" name="testcaseC" time="0.001"/>
  <testcase classname="TestNg.Assignment61_TestAnnotation_2Params" name="testcaseC" time="0.003"/>
  <testcase classname="TestNg.Assignment61_TestAnnotation_2Params" name="testcaseC" time="0.008"/>
  <testcase classname="TestNg.Assignment61_TestAnnotation_2Params" name="testcaseC" time="0.001"/>
  <testcase classname="TestNg.Assignment61_TestAnnotation_2Params" name="testcaseC" time="0.003"/>
  <testcase classname="TestNg.Assignment61_TestAnnotation_2Params" name="testcaseC" time="0.002"/>
  <testcase classname="TestNg.Assignment61_TestAnnotation_2Params" name="testcaseC" time="0.002"/>
  <testcase classname="TestNg.Assignment61_TestAnnotation_2Params" name="testcaseC" time="0.002"/>
  <testcase classname="TestNg.Assignment61_TestAnnotation_2Params" name="testcaseC" time="0.003"/>
  <testcase classname="TestNg.Assignment61_TestAnnotation_2Params" name="testcaseB" time="0.002"/>
</testsuite> <!-- TestNg.Assignment61_TestAnnotation_2Params -->
