<?xml version="1.0" encoding="UTF-8"?>
<!-- Generated by org.testng.reporters.JUnitReportReporter -->
<testsuite hostname="Bikashs-MacBook-Pro.local" failures="0" tests="1" name="TestNg.Assignment44_Annotations" time="0.008" errors="0" timestamp="2024-11-09T21:32:55 PST" skipped="0">
  <testcase classname="TestNg.Assignment44_Annotations" name="testCase1" time="0.008"/>
</testsuite> <!-- TestNg.Assignment44_Annotations -->
