<?xml version="1.0" encoding="UTF-8"?>
<!-- Generated by org.testng.reporters.JUnitReportReporter -->
<testsuite hostname="Bikashs-MacBook-Pro.local" failures="0" tests="2" name="TestNg.Lunchamazon_searchshoes_Verifytestcase_passfail" time="99.202" errors="0" timestamp="2024-11-09T21:01:18 PST" skipped="0">
  <testcase classname="TestNg.Lunchamazon_searchshoes_Verifytestcase_passfail" name="Testamazon" time="48.184"/>
  <testcase classname="TestNg.Lunchamazon_searchshoes_Verifytestcase_passfail" name="Testamazon2" time="51.018"/>
</testsuite> <!-- TestNg.Lunchamazon_searchshoes_Verifytestcase_passfail -->
