<?xml version="1.0" encoding="UTF-8"?>
<!-- Generated by org.testng.reporters.JUnitReportReporter -->
<testsuite hostname="MacBookPro" failures="0" tests="3" name="TestNg.Assignment62_TestDisable" time="0.013" errors="0" timestamp="2024-11-02T10:59:01 PDT" skipped="1">
  <testcase classname="TestNg.Assignment62_TestDisable" name="testcaseA" time="0.010"/>
  <testcase classname="TestNg.Assignment62_TestDisable" name="testcaseB" time="0.003"/>
  <testcase classname="TestNg.Assignment62_TestDisable" name="testcaseC">
    <skipped/>
  </testcase> <!-- testcaseC -->
</testsuite> <!-- TestNg.Assignment62_TestDisable -->
