<?xml version="1.0" encoding="UTF-8"?>
<!-- Generated by org.testng.reporters.JUnitReportReporter -->
<testsuite hostname="Bikashs-MacBook-Pro.local" failures="0" tests="2" name="TestNg.Assignment49_Annotations_Method_Two_Test" time="0.025" errors="0" timestamp="2024-12-08T15:45:09 PST" skipped="0">
  <testcase classname="TestNg.Assignment49_Annotations_Method_Two_Test" name="test1" time="0.003"/>
  <testcase classname="TestNg.Assignment49_Annotations_Method_Two_Test" name="test" time="0.022"/>
</testsuite> <!-- TestNg.Assignment49_Annotations_Method_Two_Test -->
