<?xml version="1.0" encoding="UTF-8"?>
<!-- Generated by org.testng.reporters.JUnitReportReporter -->
<testsuite hostname="Bikashs-MacBook-Pro.local" failures="0" tests="1" name="annotations.priorityagain" time="0.008" errors="0" timestamp="2024-11-09T18:21:02 PST" skipped="0">
  <testcase classname="annotations.priorityagain" name="testcase1" time="0.008"/>
</testsuite> <!-- annotations.priorityagain -->
