<?xml version="1.0" encoding="UTF-8"?>
<!-- Generated by org.testng.reporters.JUnitReportReporter -->
<testsuite hostname="Bikashs-MBP" failures="0" tests="3" name="TestNg.Assignment50_Annotations_Method_Three_Test" time="0.027" errors="0" timestamp="2024-10-17T11:10:06 PDT" skipped="0">
  <testcase classname="TestNg.Assignment50_Annotations_Method_Three_Test" name="test3" time="0.007"/>
  <testcase classname="TestNg.Assignment50_Annotations_Method_Three_Test" name="test" time="0.008"/>
  <testcase classname="TestNg.Assignment50_Annotations_Method_Three_Test" name="test2" time="0.012"/>
</testsuite> <!-- TestNg.Assignment50_Annotations_Method_Three_Test -->
