<?xml version="1.0" encoding="UTF-8"?>
<!-- Generated by org.testng.reporters.JUnitReportReporter -->
<testsuite hostname="Bikashs-MBP" failures="0" tests="1" name="TestNg.Assignment45_Annotations_Class_Method" time="0.019" errors="0" timestamp="2024-10-17T10:44:08 PDT" skipped="0">
  <testcase classname="TestNg.Assignment45_Annotations_Class_Method" name="testCase1" time="0.019"/>
</testsuite> <!-- TestNg.Assignment45_Annotations_Class_Method -->
