<?xml version="1.0" encoding="UTF-8"?>
<!-- Generated by org.testng.reporters.JUnitReportReporter -->
<testsuite hostname="Bikashs-MacBook-Pro.local" failures="0" tests="3" name="TestNg.priority" time="0.012" errors="0" timestamp="2024-11-09T20:09:25 PST" skipped="0">
  <testcase classname="TestNg.priority" name="registration" time="0.008"/>
  <testcase classname="TestNg.priority" name="login" time="0.001"/>
  <testcase classname="TestNg.priority" name="logout" time="0.003"/>
</testsuite> <!-- TestNg.priority -->
