<?xml version="1.0" encoding="UTF-8"?>
<!-- Generated by org.testng.reporters.JUnitReportReporter -->
<testsuite hostname="MacBookPro" failures="0" tests="5" name="TestNg.Assignment70_Grouping_TestCases" time="0.020" errors="0" timestamp="2025-01-06T09:59:36 PST" skipped="0">
  <testcase classname="TestNg.Assignment70_Grouping_TestCases" name="TC4" time="0.002"/>
  <testcase classname="TestNg.Assignment70_Grouping_TestCases" name="TC2" time="0.002"/>
  <testcase classname="TestNg.Assignment70_Grouping_TestCases" name="TC3" time="0.004"/>
  <testcase classname="TestNg.Assignment70_Grouping_TestCases" name="TC5" time="0.002"/>
  <testcase classname="TestNg.Assignment70_Grouping_TestCases" name="TC1" time="0.010"/>
</testsuite> <!-- TestNg.Assignment70_Grouping_TestCases -->
