<?xml version="1.0" encoding="UTF-8"?>
<!-- Generated by org.testng.reporters.JUnitReportReporter -->
<testsuite hostname="Bikashs-MacBook-Pro.local" failures="0" tests="1" name="newprojectamazon.amazonhome" time="0.011" errors="0" timestamp="2024-11-23T19:35:27 PST" skipped="0">
  <testcase classname="newprojectamazon.amazonhome" name="login_amazon" time="0.011"/>
</testsuite> <!-- newprojectamazon.amazonhome -->
