<?xml version="1.0" encoding="UTF-8"?>
<!-- Generated by org.testng.reporters.JUnitReportReporter -->
<testsuite hostname="Bikashs-MacBook-Pro.local" failures="0" tests="3" name="TestNg.dataprovider5" time="123.957" errors="0" timestamp="2024-10-20T14:15:40 PDT" skipped="0">
  <testcase classname="TestNg.dataprovider5" name="search" time="39.378"/>
  <testcase classname="TestNg.dataprovider5" name="search" time="43.732"/>
  <testcase classname="TestNg.dataprovider5" name="search" time="40.847"/>
</testsuite> <!-- TestNg.dataprovider5 -->
