<?xml version="1.0" encoding="UTF-8"?>
<!-- Generated by org.testng.reporters.JUnitReportReporter -->
<testsuite hostname="MacBookPro" failures="0" tests="3" name="TestNg.Reporter_log" time="0.017" errors="0" timestamp="2025-01-06T09:56:38 PST" skipped="0">
  <testcase classname="TestNg.Reporter_log" name="registration" time="0.011">
    <system-out>
      <![CDATA[Bikashdhungana]]>
    </system-out>
  </testcase> <!-- registration -->
  <testcase classname="TestNg.Reporter_log" name="login" time="0.002"/>
  <testcase classname="TestNg.Reporter_log" name="logout" time="0.004"/>
  <system-out>
    <![CDATA[Bikashdhungana]]>
  </system-out>
</testsuite> <!-- TestNg.Reporter_log -->
