<?xml version="1.0" encoding="UTF-8"?>
<!-- Generated by org.testng.reporters.JUnitReportReporter -->
<testsuite hostname="Bikashs-MacBook-Pro.local" failures="0" tests="2" name="TestNg.Assignment53_GoogleSearch_DataProvider" time="53.022" errors="0" timestamp="2024-11-09T20:25:27 PST" skipped="0">
  <testcase classname="TestNg.Assignment53_GoogleSearch_DataProvider" name="googleSearch" time="24.237"/>
  <testcase classname="TestNg.Assignment53_GoogleSearch_DataProvider" name="googleSearch" time="28.785"/>
</testsuite> <!-- TestNg.Assignment53_GoogleSearch_DataProvider -->
