<?xml version="1.0" encoding="UTF-8"?>
<!-- Generated by org.testng.reporters.JUnitReportReporter -->
<testsuite hostname="Bikashs-MacBook-Pro.local" failures="0" tests="10" name="package1.project1.sametestmultiple" time="0.035" errors="0" timestamp="2024-11-09T16:37:17 PST" skipped="0">
  <testcase classname="package1.project1.sametestmultiple" name="testcase1" time="0.002"/>
  <testcase classname="package1.project1.sametestmultiple" name="testcase1" time="0.004"/>
  <testcase classname="package1.project1.sametestmultiple" name="testcase1" time="0.001"/>
  <testcase classname="package1.project1.sametestmultiple" name="testcase1" time="0.003"/>
  <testcase classname="package1.project1.sametestmultiple" name="testcase1" time="0.002"/>
  <testcase classname="package1.project1.sametestmultiple" name="testcase1" time="0.005"/>
  <testcase classname="package1.project1.sametestmultiple" name="testcase1" time="0.002"/>
  <testcase classname="package1.project1.sametestmultiple" name="testcase1" time="0.002"/>
  <testcase classname="package1.project1.sametestmultiple" name="testcase1" time="0.007"/>
  <testcase classname="package1.project1.sametestmultiple" name="testcase1" time="0.007"/>
</testsuite> <!-- package1.project1.sametestmultiple -->
