<?xml version="1.0" encoding="UTF-8"?>
<!-- Generated by org.testng.reporters.JUnitReportReporter -->
<testsuite hostname="Bikashs-MacBook-Pro.local" failures="0" tests="3" name="annotations.priority" time="0.017" errors="0" timestamp="2024-11-09T17:27:47 PST" skipped="0">
  <testcase classname="annotations.priority" name="registration" time="0.013"/>
  <testcase classname="annotations.priority" name="login" time="0.002"/>
  <testcase classname="annotations.priority" name="logout" time="0.002"/>
</testsuite> <!-- annotations.priority -->
