<?xml version="1.0" encoding="UTF-8"?>
<!-- Generated by org.testng.reporters.JUnitReportReporter -->
<testsuite hostname="Bikashs-MacBook-Pro.local" failures="0" tests="3" name="package1.project1.delete" time="0.014" errors="0" timestamp="2024-11-09T16:28:24 PST" skipped="0">
  <testcase classname="package1.project1.delete" name="registration" time="0.009"/>
  <testcase classname="package1.project1.delete" name="login" time="0.002"/>
  <testcase classname="package1.project1.delete" name="logout" time="0.003"/>
</testsuite> <!-- package1.project1.delete -->
