<?xml version="1.0" encoding="UTF-8"?>
<!-- Generated by org.testng.reporters.JUnitReportReporter -->
<testsuite hostname="Bikashs-MacBook-Pro.local" failures="0" tests="1" name="project1pack.TestNg" time="0.008" errors="0" timestamp="2024-11-09T16:51:45 PST" skipped="0">
  <testcase classname="project1pack.TestNg" name="Testcase1" time="0.008"/>
</testsuite> <!-- project1pack.TestNg -->
