<?xml version="1.0" encoding="UTF-8"?>
<!-- Generated by org.testng.reporters.JUnitReportReporter -->
<testsuite hostname="Bikashs-MacBook-Pro.local" failures="0" tests="1" name="annotations.TestNg" time="0.007" errors="0" timestamp="2024-11-09T17:05:56 PST" skipped="0">
  <testcase classname="annotations.TestNg" name="Testcase1" time="0.007"/>
</testsuite> <!-- annotations.TestNg -->
