<?xml version="1.0" encoding="UTF-8"?>
<!-- Generated by org.testng.reporters.JUnitReportReporter -->
<testsuite hostname="MacBookPro" failures="0" tests="1" name="fb_test.TestCase1" time="28.536" errors="0" timestamp="2024-11-08T11:34:55 PST" skipped="0">
  <testcase classname="fb_test.TestCase1" name="login_to_facebook_with_valid_data" time="28.536"/>
</testsuite> <!-- fb_test.TestCase1 -->
