<?xml version="1.0" encoding="UTF-8"?>
<!-- Generated by org.testng.reporters.JUnitReportReporter -->
<testsuite hostname="Bikashs-MacBook-Pro.local" failures="0" tests="10" name="annotations.priority_invocationcount" time="0.041" errors="0" timestamp="2024-11-09T17:21:07 PST" skipped="0">
  <testcase classname="annotations.priority_invocationcount" name="Testcase1" time="0.016"/>
  <testcase classname="annotations.priority_invocationcount" name="Testcase1" time="0.002"/>
  <testcase classname="annotations.priority_invocationcount" name="Testcase3" time="0.002"/>
  <testcase classname="annotations.priority_invocationcount" name="Testcase2" time="0.002"/>
  <testcase classname="annotations.priority_invocationcount" name="Testcase1" time="0.002"/>
  <testcase classname="annotations.priority_invocationcount" name="Testcase1" time="0.009"/>
  <testcase classname="annotations.priority_invocationcount" name="Testcase1" time="0.003"/>
  <testcase classname="annotations.priority_invocationcount" name="Testcase1" time="0.002"/>
  <testcase classname="annotations.priority_invocationcount" name="Testcase1" time="0.002"/>
  <testcase classname="annotations.priority_invocationcount" name="Testcase1" time="0.001"/>
</testsuite> <!-- annotations.priority_invocationcount -->
