<?xml version="1.0" encoding="UTF-8"?>
<!-- Generated by org.testng.reporters.JUnitReportReporter -->
<testsuite hostname="MacBookPro" failures="0" tests="1" name="fb_test.Login_Searching" time="26.065" errors="0" timestamp="2024-11-08T11:34:50 PST" skipped="0">
  <testcase classname="fb_test.Login_Searching" name="login_to_facebook_with_valid_data" time="26.065"/>
</testsuite> <!-- fb_test.Login_Searching -->
