<?xml version="1.0" encoding="UTF-8"?>
<!-- Generated by org.testng.reporters.JUnitReportReporter -->
<testsuite hostname="Bikashs-MacBook-Pro.local" failures="0" tests="1" name="fb_test.priorityagain" time="0.020" errors="0" timestamp="2024-11-09T18:22:38 PST" skipped="0">
  <testcase classname="fb_test.priorityagain" name="testcase1" time="0.020"/>
</testsuite> <!-- fb_test.priorityagain -->
