<?xml version="1.0" encoding="UTF-8"?>
<!-- Generated by org.testng.reporters.JUnitReportReporter -->
<testsuite hostname="Bikashs-MBP" failures="0" tests="1" name="testNg.Assignment44_Annotations" time="0.009" errors="0" timestamp="2024-10-17T10:35:19 PDT" skipped="0">
  <testcase classname="testNg.Assignment44_Annotations" name="testCase1" time="0.009"/>
</testsuite> <!-- testNg.Assignment44_Annotations -->
