<?xml version="1.0" encoding="UTF-8"?>
<!-- Generated by org.testng.reporters.JUnitReportReporter -->
<testsuite hostname="MacBookPro" failures="0" tests="1" name="Testng2cases.testcase2" time="20.628" errors="0" timestamp="2024-11-04T11:23:15 PST" skipped="0">
  <testcase classname="Testng2cases.testcase2" name="test" time="20.628"/>
</testsuite> <!-- Testng2cases.testcase2 -->
