<?xml version="1.0" encoding="UTF-8"?>
<!-- Generated by org.testng.reporters.JUnitReportReporter -->
<testsuite hostname="Bikashs-MacBook-Pro.local" failures="0" tests="1" name="iretrylogic.priorityagain" time="0.005" errors="0" timestamp="2024-11-09T18:28:35 PST" skipped="0">
  <testcase classname="iretrylogic.priorityagain" name="testcase1" time="0.005"/>
</testsuite> <!-- iretrylogic.priorityagain -->
