<?xml version="1.0" encoding="UTF-8"?>
<!-- Generated by org.testng.reporters.JUnitReportReporter -->
<testsuite hostname="Bikashs-MBP" failures="0" tests="3" name="selenium1.dataprovider" time="70.192" errors="0" timestamp="2024-10-18T11:02:54 PDT" skipped="0">
  <testcase classname="selenium1.dataprovider" name="search" time="13.911"/>
  <testcase classname="selenium1.dataprovider" name="search" time="29.253"/>
  <testcase classname="selenium1.dataprovider" name="search" time="27.028"/>
</testsuite> <!-- selenium1.dataprovider -->
