<?xml version="1.0" encoding="UTF-8"?>
<!-- Generated by org.testng.reporters.JUnitReportReporter -->
<testsuite hostname="Bikashs-MacBook-Pro.local" failures="0" tests="2" name="TestNg.Assignment49_Annotations_Method_Two_Test" time="0.021" errors="0" timestamp="2025-01-27T10:25:40 PST" skipped="0">
  <testcase classname="TestNg.Assignment49_Annotations_Method_Two_Test" name="test" time="0.008"/>
  <testcase classname="TestNg.Assignment49_Annotations_Method_Two_Test" name="test1" time="0.013"/>
</testsuite> <!-- TestNg.Assignment49_Annotations_Method_Two_Test -->
