<?xml version="1.0" encoding="UTF-8"?>
<!-- Generated by org.testng.reporters.JUnitReportReporter -->
<testsuite hostname="Bikashs-MacBook-Pro.local" failures="0" tests="1" name="TestNg.Assignment64_Assertion_Amazon_Search" time="51.658" errors="0" timestamp="2025-01-27T10:16:06 PST" skipped="0">
  <testcase classname="TestNg.Assignment64_Assertion_Amazon_Search" name="amazonSearch" time="51.658"/>
</testsuite> <!-- TestNg.Assignment64_Assertion_Amazon_Search -->
