<?xml version="1.0" encoding="UTF-8"?>
<!-- Generated by org.testng.reporters.JUnitReportReporter -->
<testsuite hostname="Bikashs-MacBook-Pro.local" failures="0" tests="1" name="testcases.Maintestcases" time="0.005" errors="0" timestamp="2023-03-28T10:45:56 PDT" skipped="0">
  <testcase classname="testcases.Maintestcases" name="maintestcases" time="0.005"/>
  <system-out/>
</testsuite> <!-- testcases.Maintestcases -->
