<?xml version="1.0" encoding="UTF-8"?>
<!-- Generated by org.testng.reporters.JUnitReportReporter -->
<testsuite hostname="Bikashs-MacBook-Pro.local" failures="0" tests="2" name="in.automationtesting.second.thirdmaven.BasicAnnotationsinTestinG" time="0.006" errors="0" timestamp="2023-05-04T20:14:13 PDT" skipped="0">
  <testcase classname="in.automationtesting.second.thirdmaven.BasicAnnotationsinTestinG" name="test5" time="0.001"/>
  <system-out/>
  <testcase classname="in.automationtesting.second.thirdmaven.BasicAnnotationsinTestinG" name="test1" time="0.005"/>
  <system-out/>
</testsuite> <!-- in.automationtesting.second.thirdmaven.BasicAnnotationsinTestinG -->
