<?xml version="1.0" encoding="UTF-8"?>
<!-- Generated by org.testng.reporters.JUnitReportReporter -->
<testsuite hostname="Bikashs-MacBook-Pro.local" failures="0" tests="3" name="firstfeature.testcase2" time="0.005" errors="0" timestamp="2023-04-13T19:58:41 PDT" skipped="0">
  <testcase classname="firstfeature.testcase2" name="verifyfirstTest" time="0.001"/>
  <system-out/>
  <testcase classname="firstfeature.testcase2" name="verifysecondTest" time="0.000"/>
  <system-out/>
  <testcase classname="firstfeature.testcase2" name="verifyThirdTest" time="0.004"/>
  <system-out/>
</testsuite> <!-- firstfeature.testcase2 -->
