<?xml version="1.0" encoding="UTF-8"?>
<!-- Generated by org.testng.reporters.JUnitReportReporter -->
<testsuite hostname="Bikashs-MacBook-Pro.local" failures="0" tests="1" name="thirdmavenproject.radiobutton" time="11.612" errors="0" timestamp="2023-07-08T20:19:02 PDT" skipped="0">
  <testcase classname="thirdmavenproject.radiobutton" name="radiobuttonverify" time="11.612"/>
</testsuite> <!-- thirdmavenproject.radiobutton -->
