<?xml version="1.0" encoding="UTF-8"?>
<!-- Generated by org.testng.reporters.JUnitReportReporter -->
<testsuite hostname="Bikashs-MacBook-Pro.local" failures="0" tests="1" name="thirdmavenproject.PostRequest" time="1.201" errors="0" timestamp="2023-06-13T17:16:10 PDT" skipped="0">
  <testcase classname="thirdmavenproject.PostRequest" name="varifypostRequest" time="1.201"/>
</testsuite> <!-- thirdmavenproject.PostRequest -->
