<?xml version="1.0" encoding="UTF-8"?>
<!-- Generated by org.testng.reporters.JUnitReportReporter -->
<testsuite hostname="Bikashs-MacBook-Pro.local" failures="0" tests="1" name="seleniumcommand.selenium" time="0.005" errors="1" timestamp="2023-04-09T22:56:27 PDT" skipped="0">
  <testcase classname="seleniumcommand.selenium" name="verifyseleniumcommand" time="0.005">
    <error message="Unresolved compilation problems: 
	The method xecutescripts(String) is undefined for the type selenium
	Syntax error on token &quot;ele&quot;, delete this token
	Syntax error, insert &quot;VariableDeclarators&quot; to complete LocalVariableDeclaration
	Syntax error, insert &quot;;&quot; to complete LocalVariableDeclarationStatement
	Syntax error, insert &quot;VariableDeclarators&quot; to complete LocalVariableDeclaration
	Syntax error, insert &quot;;&quot; to complete LocalVariableDeclarationStatement
	void is an invalid type for the variable $missing$
	The method afterTest() is undefined for the type selenium
	Duplicate local variable driver
	Syntax error on token &quot;By&quot;, ( expected
	The method id(String) is undefined for the type selenium
	The method findElements(By) in the type WebDriver is not applicable for the arguments (String)
	Syntax error on token &quot;X1&quot;, delete this token
	TV cannot be resolved to a variable
	Syntax error on token &quot;&quot;).click();&quot;&quot;, instanceof expected
	The Java feature &#039;Pattern Matching in instanceof Expressions&#039; is only available with source level 16 and above
	Syntax error, insert &quot;)&quot; to complete MethodInvocation
	Syntax error, insert &quot;)&quot; to complete MethodInvocation
	Syntax error, insert &quot;;&quot; to complete Statement
	js cannot be resolved to a variable
	Syntax error on token &quot;Executor&quot;, delete this token
	js cannot be resolved
	Syntax error, insert &quot;)&quot; to complete MethodInvocation
	Syntax error, insert &quot;;&quot; to complete Statement
	Syntax error on token &quot;&quot;ele);&quot;&quot;, invalid AssignmentOperator
" type="java.lang.Error">
      <![CDATA[java.lang.Error: Unresolved compilation problems: 
The method xecutescripts(String) is undefined for the type selenium
Syntax error on token "ele", delete this token
Syntax error, insert "VariableDeclarators" to complete LocalVariableDeclaration
Syntax error, insert ";" to complete LocalVariableDeclarationStatement
Syntax error, insert "VariableDeclarators" to complete LocalVariableDeclaration
Syntax error, insert ";" to complete LocalVariableDeclarationStatement
void is an invalid type for the variable $missing$
The method afterTest() is undefined for the type selenium
Duplicate local variable driver
Syntax error on token "By", ( expected
The method id(String) is undefined for the type selenium
The method findElements(By) in the type WebDriver is not applicable for the arguments (String)
Syntax error on token "X1", delete this token
TV cannot be resolved to a variable
Syntax error on token "").click();"", instanceof expected
The Java feature 'Pattern Matching in instanceof Expressions' is only available with source level 16 and above
Syntax error, insert ")" to complete MethodInvocation
Syntax error, insert ")" to complete MethodInvocation
Syntax error, insert ";" to complete Statement
js cannot be resolved to a variable
Syntax error on token "Executor", delete this token
js cannot be resolved
Syntax error, insert ")" to complete MethodInvocation
Syntax error, insert ";" to complete Statement
Syntax error on token ""ele);"", invalid AssignmentOperator

at seleniumcommand.selenium.verifyseleniumcommand(selenium.java:21)
at java.base/jdk.internal.reflect.DirectMethodHandleAccessor.invoke(DirectMethodHandleAccessor.java:104)
at java.base/java.lang.reflect.Method.invoke(Method.java:578)
at org.testng.internal.MethodInvocationHelper.invokeMethod(MethodInvocationHelper.java:133)
at org.testng.internal.TestInvoker.invokeMethod(TestInvoker.java:598)
at org.testng.internal.TestInvoker.invokeTestMethod(TestInvoker.java:173)
at org.testng.internal.MethodRunner.runInSequence(MethodRunner.java:46)
at org.testng.internal.TestInvoker$MethodInvocationAgent.invoke(TestInvoker.java:824)
at org.testng.internal.TestInvoker.invokeTestMethods(TestInvoker.java:146)
at org.testng.internal.TestMethodWorker.invokeTestMethods(TestMethodWorker.java:146)
at org.testng.internal.TestMethodWorker.run(TestMethodWorker.java:128)
at java.base/java.util.ArrayList.forEach(ArrayList.java:1511)
at org.testng.TestRunner.privateRun(TestRunner.java:794)
at org.testng.TestRunner.run(TestRunner.java:596)
at org.testng.SuiteRunner.runTest(SuiteRunner.java:377)
at org.testng.SuiteRunner.runSequentially(SuiteRunner.java:371)
at org.testng.SuiteRunner.privateRun(SuiteRunner.java:332)
at org.testng.SuiteRunner.run(SuiteRunner.java:276)
at org.testng.SuiteRunnerWorker.runSuite(SuiteRunnerWorker.java:53)
at org.testng.SuiteRunnerWorker.run(SuiteRunnerWorker.java:96)
at org.testng.TestNG.runSuitesSequentially(TestNG.java:1212)
at org.testng.TestNG.runSuitesLocally(TestNG.java:1134)
at org.testng.TestNG.runSuites(TestNG.java:1063)
at org.testng.TestNG.run(TestNG.java:1031)
at org.testng.remote.AbstractRemoteTestNG.run(AbstractRemoteTestNG.java:115)
at org.testng.remote.RemoteTestNG.initAndRun(RemoteTestNG.java:251)
at org.testng.remote.RemoteTestNG.main(RemoteTestNG.java:77)
]]>
    </error>
  </testcase> <!-- verifyseleniumcommand -->
  <system-out/>
</testsuite> <!-- seleniumcommand.selenium -->
