<?xml version="1.0" encoding="UTF-8"?>
<!-- Generated by org.testng.reporters.JUnitReportReporter -->
<testsuite hostname="MacBookPro" failures="0" tests="1" name="asssignment67_crossbrowsertesting.Amazon_Search_Product" time="55.323" errors="0" timestamp="2024-11-13T09:27:01 PST" skipped="0">
  <testcase classname="asssignment67_crossbrowsertesting.Amazon_Search_Product" name="SearchProduct" time="55.323"/>
</testsuite> <!-- asssignment67_crossbrowsertesting.Amazon_Search_Product -->
