<?xml version="1.0" encoding="UTF-8"?>
<!-- Generated by org.testng.reporters.JUnitReportReporter -->
<testsuite hostname="MacBookPro" failures="0" tests="1" name="asssignment67_crossbrowsertesting.Amazon_AddProduct_To_WishList" time="65.505" errors="0" timestamp="2024-11-13T09:27:01 PST" skipped="0">
  <testcase classname="asssignment67_crossbrowsertesting.Amazon_AddProduct_To_WishList" name="AddToWishList" time="65.505"/>
</testsuite> <!-- asssignment67_crossbrowsertesting.Amazon_AddProduct_To_WishList -->
